build/intermediates/manifest_merge_blame_file/debug/processDebugMainManifest/manifest-merger-blame-debug-report.txt
1<?xml version="1.0" encoding="utf-8"?>
2<manifest xmlns:android="http://schemas.android.com/apk/res/android"
3    package="org.forgerock.pebblebank"
4    android:versionCode="1"
5    android:versionName="1.0" >
6
7    <uses-sdk
8        android:minSdkVersion="23"
9        android:targetSdkVersion="33" />
10
11    <uses-permission android:name="android.permission.CAMERA" />
11-->src/main/AndroidManifest.xml:6:5-65
11-->src/main/AndroidManifest.xml:6:22-62
12    <uses-permission android:name="android.permission.INTERNET" />
12-->src/main/AndroidManifest.xml:7:5-67
12-->src/main/AndroidManifest.xml:7:22-64
13    <uses-permission android:name="android.permission.POST_NOTIFICATIONS" />
13-->src/main/AndroidManifest.xml:8:5-77
13-->src/main/AndroidManifest.xml:8:22-74
14    <uses-permission android:name="android.permission.ACCESS_NETWORK_STATE" />
14-->[:forgerock-auth] AndroidManifest.xml:13:5-79
14-->[:forgerock-auth] AndroidManifest.xml:13:22-76
15    <uses-permission android:name="android.permission.USE_FINGERPRINT" />
15-->[:forgerock-core] AndroidManifest.xml:7:5-74
15-->[:forgerock-core] AndroidManifest.xml:7:22-71
16    <uses-permission android:name="android.permission.USE_BIOMETRIC" />
16-->[androidx.biometric:biometric:1.2.0-alpha05] AndroidManifest.xml:22:5-72
16-->[androidx.biometric:biometric:1.2.0-alpha05] AndroidManifest.xml:22:22-69
17
18    <queries>
18-->[net.openid:appauth:0.11.1] AndroidManifest.xml:24:5-32:15
19        <intent>
19-->[net.openid:appauth:0.11.1] AndroidManifest.xml:25:9-31:18
20            <action android:name="android.intent.action.VIEW" />
20-->src/main/AndroidManifest.xml:40:17-69
20-->src/main/AndroidManifest.xml:40:25-66
21
22            <category android:name="android.intent.category.BROWSABLE" />
22-->src/main/AndroidManifest.xml:42:17-78
22-->src/main/AndroidManifest.xml:42:27-75
23
24            <data android:scheme="https" />
24-->src/main/AndroidManifest.xml:44:17-45:59
24-->src/main/AndroidManifest.xml:45:21-56
25        </intent>
26    </queries>
27
28    <uses-permission android:name="android.permission.WAKE_LOCK" /> <!-- Required by older versions of Google Play services to create IID tokens -->
28-->[com.google.firebase:firebase-messaging:23.0.8] AndroidManifest.xml:27:5-68
28-->[com.google.firebase:firebase-messaging:23.0.8] AndroidManifest.xml:27:22-65
29    <uses-permission android:name="com.google.android.c2dm.permission.RECEIVE" />
29-->[com.google.firebase:firebase-messaging:23.0.8] AndroidManifest.xml:29:5-82
29-->[com.google.firebase:firebase-messaging:23.0.8] AndroidManifest.xml:29:22-79
30
31    <permission
31-->[androidx.core:core:1.13.0] AndroidManifest.xml:22:5-24:47
32        android:name="org.forgerock.pebblebank.DYNAMIC_RECEIVER_NOT_EXPORTED_PERMISSION"
32-->[androidx.core:core:1.13.0] AndroidManifest.xml:23:9-81
33        android:protectionLevel="signature" />
33-->[androidx.core:core:1.13.0] AndroidManifest.xml:24:9-44
34
35    <uses-permission android:name="org.forgerock.pebblebank.DYNAMIC_RECEIVER_NOT_EXPORTED_PERMISSION" />
35-->[androidx.core:core:1.13.0] AndroidManifest.xml:26:5-97
35-->[androidx.core:core:1.13.0] AndroidManifest.xml:26:22-94
36
37    <application
37-->src/main/AndroidManifest.xml:10:5-76:19
38        android:allowBackup="true"
38-->src/main/AndroidManifest.xml:11:9-35
39        android:appComponentFactory="androidx.core.app.CoreComponentFactory"
39-->[androidx.core:core:1.13.0] AndroidManifest.xml:28:18-86
40        android:debuggable="true"
41        android:extractNativeLibs="false"
42        android:icon="@mipmap/ic_launcher"
42-->src/main/AndroidManifest.xml:12:9-43
43        android:label="@string/app_name"
43-->src/main/AndroidManifest.xml:13:9-41
44        android:roundIcon="@mipmap/ic_launcher_round"
44-->src/main/AndroidManifest.xml:14:9-54
45        android:supportsRtl="true"
45-->src/main/AndroidManifest.xml:15:9-35
46        android:testOnly="true"
47        android:theme="@style/AppTheme"
47-->src/main/AndroidManifest.xml:16:9-40
48        android:usesCleartextTraffic="true" >
48-->src/main/AndroidManifest.xml:17:9-44
49        <activity
49-->src/main/AndroidManifest.xml:18:9-24:20
50            android:name="org.forgerock.pebblebank.TransactionSigningActivity"
50-->src/main/AndroidManifest.xml:19:13-55
51            android:exported="false" >
51-->src/main/AndroidManifest.xml:20:13-37
52            <meta-data
52-->src/main/AndroidManifest.xml:21:13-23:36
53                android:name="android.app.lib_name"
53-->src/main/AndroidManifest.xml:22:17-52
54                android:value="" />
54-->src/main/AndroidManifest.xml:23:17-33
55        </activity>
56        <activity
56-->src/main/AndroidManifest.xml:25:9-35:20
57            android:name="org.forgerock.pebblebank.MainActivity"
57-->src/main/AndroidManifest.xml:26:13-41
58            android:exported="true"
58-->src/main/AndroidManifest.xml:27:13-36
59            android:label="@string/app_name"
59-->src/main/AndroidManifest.xml:28:13-45
60            android:theme="@style/AppTheme.NoActionBar" >
60-->src/main/AndroidManifest.xml:29:13-56
61            <intent-filter>
61-->src/main/AndroidManifest.xml:30:13-34:29
62                <action android:name="android.intent.action.MAIN" />
62-->src/main/AndroidManifest.xml:31:17-69
62-->src/main/AndroidManifest.xml:31:25-66
63
64                <category android:name="android.intent.category.LAUNCHER" />
64-->src/main/AndroidManifest.xml:33:17-77
64-->src/main/AndroidManifest.xml:33:27-74
65            </intent-filter>
66        </activity>
67        <activity
67-->src/main/AndroidManifest.xml:36:9-47:20
68            android:name="net.openid.appauth.RedirectUriReceiverActivity"
68-->src/main/AndroidManifest.xml:36:19-80
69            android:exported="true" >
69-->src/main/AndroidManifest.xml:37:13-36
70            <intent-filter>
70-->src/main/AndroidManifest.xml:39:13-46:29
71                <action android:name="android.intent.action.VIEW" />
71-->src/main/AndroidManifest.xml:40:17-69
71-->src/main/AndroidManifest.xml:40:25-66
72
73                <category android:name="android.intent.category.DEFAULT" />
73-->src/main/AndroidManifest.xml:41:17-76
73-->src/main/AndroidManifest.xml:41:27-73
74                <category android:name="android.intent.category.BROWSABLE" />
74-->src/main/AndroidManifest.xml:42:17-78
74-->src/main/AndroidManifest.xml:42:27-75
75
76                <data android:scheme="org.forgerock.demo" />
76-->src/main/AndroidManifest.xml:44:17-45:59
76-->src/main/AndroidManifest.xml:45:21-56
77            </intent-filter>
78        </activity>
79        <activity
79-->src/main/AndroidManifest.xml:48:9-51:68
80            android:name="org.forgerock.pebblebank.HomeActivity"
80-->src/main/AndroidManifest.xml:49:13-41
81            android:label="@string/app_name"
81-->src/main/AndroidManifest.xml:50:13-45
82            android:theme="@style/AppTheme.NoActionBar" />
82-->src/main/AndroidManifest.xml:51:13-56
83        <activity
83-->src/main/AndroidManifest.xml:52:9-60:56
84            android:name="org.forgerock.pebblebank.PushNotificationActivity"
84-->src/main/AndroidManifest.xml:53:13-53
85            android:configChanges="orientation|screenSize"
85-->src/main/AndroidManifest.xml:54:13-59
86            android:excludeFromRecents="true"
86-->src/main/AndroidManifest.xml:56:13-46
87            android:exported="false"
87-->src/main/AndroidManifest.xml:55:13-37
88            android:label="@string/app_name"
88-->src/main/AndroidManifest.xml:57:13-45
89            android:launchMode="singleInstance"
89-->src/main/AndroidManifest.xml:58:13-48
90            android:theme="@style/AppDialogTheme" />
90-->src/main/AndroidManifest.xml:59:13-50
91
92        <!--
93        service
94            android:name=".MyFirebaseMessagingService"
95            android:exported="false">
96            <intent-filter>
97                <action android:name="com.google.firebase.MESSAGING_EVENT" />
98            </intent-filter>
99        </service
100        -->
101        <service
101-->src/main/AndroidManifest.xml:69:9-75:19
102            android:name="org.forgerock.pebblebank.controller.FcmService"
102-->src/main/AndroidManifest.xml:70:13-50
103            android:exported="false" >
103-->src/main/AndroidManifest.xml:71:13-37
104            <intent-filter>
104-->src/main/AndroidManifest.xml:72:13-74:29
105                <action android:name="com.google.firebase.MESSAGING_EVENT" />
105-->src/main/AndroidManifest.xml:73:17-78
105-->src/main/AndroidManifest.xml:73:25-75
106            </intent-filter>
107        </service>
108
109        <activity
109-->[:forgerock-auth-ui] AndroidManifest.xml:14:9-18:59
110            android:name="org.forgerock.android.auth.ui.SimpleLoginActivity"
110-->[:forgerock-auth-ui] AndroidManifest.xml:15:13-77
111            android:exported="false"
111-->[:forgerock-auth-ui] AndroidManifest.xml:16:13-37
112            android:label="@string/title_activity_login"
112-->[:forgerock-auth-ui] AndroidManifest.xml:17:13-57
113            android:theme="@style/AppTheme.NoActionBar" />
113-->[:forgerock-auth-ui] AndroidManifest.xml:18:13-56
114        <activity
114-->[:forgerock-auth-ui] AndroidManifest.xml:19:9-23:59
115            android:name="org.forgerock.android.auth.ui.SimpleRegisterActivity"
115-->[:forgerock-auth-ui] AndroidManifest.xml:20:13-80
116            android:exported="false"
116-->[:forgerock-auth-ui] AndroidManifest.xml:21:13-37
117            android:label="@string/title_activity_register"
117-->[:forgerock-auth-ui] AndroidManifest.xml:22:13-60
118            android:theme="@style/AppTheme.NoActionBar" />
118-->[:forgerock-auth-ui] AndroidManifest.xml:23:13-56
119
120        <provider
120-->[:ping-protect] AndroidManifest.xml:14:9-18:40
121            android:name="org.forgerock.android.auth.PingOneProvider"
121-->[:ping-protect] AndroidManifest.xml:15:13-70
122            android:authorities="org.forgerock.pebblebank.PingOneProvider"
122-->[:ping-protect] AndroidManifest.xml:16:13-67
123            android:enabled="true"
123-->[:ping-protect] AndroidManifest.xml:17:13-35
124            android:exported="false" />
124-->[:ping-protect] AndroidManifest.xml:18:13-37
125        <provider
125-->[:forgerock-auth] AndroidManifest.xml:17:9-21:40
126            android:name="org.forgerock.android.auth.InitProvider"
126-->[:forgerock-auth] AndroidManifest.xml:18:13-67
127            android:authorities="org.forgerock.pebblebank.initprovider"
127-->[:forgerock-auth] AndroidManifest.xml:19:13-64
128            android:enabled="true"
128-->[:forgerock-auth] AndroidManifest.xml:20:13-35
129            android:exported="false" />
129-->[:forgerock-auth] AndroidManifest.xml:21:13-37
130
131        <activity
131-->[net.openid:appauth:0.11.1] AndroidManifest.xml:35:9-40:77
132            android:name="net.openid.appauth.AuthorizationManagementActivity"
132-->[net.openid:appauth:0.11.1] AndroidManifest.xml:36:13-78
133            android:configChanges="screenSize|smallestScreenSize|screenLayout|orientation|keyboard|keyboardHidden"
133-->[net.openid:appauth:0.11.1] AndroidManifest.xml:37:13-115
134            android:exported="false"
134-->[net.openid:appauth:0.11.1] AndroidManifest.xml:38:13-37
135            android:launchMode="singleTask"
135-->[net.openid:appauth:0.11.1] AndroidManifest.xml:39:13-44
136            android:theme="@style/Theme.AppCompat.Translucent.NoTitleBar" />
136-->[net.openid:appauth:0.11.1] AndroidManifest.xml:40:13-74
137
138        <receiver
138-->[com.google.firebase:firebase-messaging:23.0.8] AndroidManifest.xml:32:9-39:20
139            android:name="com.google.firebase.iid.FirebaseInstanceIdReceiver"
139-->[com.google.firebase:firebase-messaging:23.0.8] AndroidManifest.xml:33:13-78
140            android:exported="true"
140-->[com.google.firebase:firebase-messaging:23.0.8] AndroidManifest.xml:34:13-36
141            android:permission="com.google.android.c2dm.permission.SEND" >
141-->[com.google.firebase:firebase-messaging:23.0.8] AndroidManifest.xml:35:13-73
142            <intent-filter>
142-->[com.google.firebase:firebase-messaging:23.0.8] AndroidManifest.xml:36:13-38:29
143                <action android:name="com.google.android.c2dm.intent.RECEIVE" />
143-->[com.google.firebase:firebase-messaging:23.0.8] AndroidManifest.xml:37:17-81
143-->[com.google.firebase:firebase-messaging:23.0.8] AndroidManifest.xml:37:25-78
144            </intent-filter>
145        </receiver>
146        <!--
147             FirebaseMessagingService performs security checks at runtime,
148             but set to not exported to explicitly avoid allowing another app to call it.
149        -->
150        <service
150-->[com.google.firebase:firebase-messaging:23.0.8] AndroidManifest.xml:45:9-52:19
151            android:name="com.google.firebase.messaging.FirebaseMessagingService"
151-->[com.google.firebase:firebase-messaging:23.0.8] AndroidManifest.xml:46:13-82
152            android:directBootAware="true"
152-->[com.google.firebase:firebase-messaging:23.0.8] AndroidManifest.xml:47:13-43
153            android:exported="false" >
153-->[com.google.firebase:firebase-messaging:23.0.8] AndroidManifest.xml:48:13-37
154            <intent-filter android:priority="-500" >
154-->src/main/AndroidManifest.xml:72:13-74:29
155                <action android:name="com.google.firebase.MESSAGING_EVENT" />
155-->src/main/AndroidManifest.xml:73:17-78
155-->src/main/AndroidManifest.xml:73:25-75
156            </intent-filter>
157        </service>
158        <service
158-->[com.google.firebase:firebase-messaging:23.0.8] AndroidManifest.xml:53:9-59:19
159            android:name="com.google.firebase.components.ComponentDiscoveryService"
159-->[com.google.firebase:firebase-messaging:23.0.8] AndroidManifest.xml:54:13-84
160            android:directBootAware="true"
160-->[com.google.firebase:firebase-common:20.1.2] AndroidManifest.xml:35:13-43
161            android:exported="false" >
161-->[com.google.firebase:firebase-messaging:23.0.8] AndroidManifest.xml:55:13-37
162            <meta-data
162-->[com.google.firebase:firebase-messaging:23.0.8] AndroidManifest.xml:56:13-58:85
163                android:name="com.google.firebase.components:com.google.firebase.messaging.FirebaseMessagingRegistrar"
163-->[com.google.firebase:firebase-messaging:23.0.8] AndroidManifest.xml:57:17-119
164                android:value="com.google.firebase.components.ComponentRegistrar" />
164-->[com.google.firebase:firebase-messaging:23.0.8] AndroidManifest.xml:58:17-82
165            <meta-data
165-->[com.google.firebase:firebase-installations:17.0.2] AndroidManifest.xml:18:13-20:85
166                android:name="com.google.firebase.components:com.google.firebase.installations.FirebaseInstallationsRegistrar"
166-->[com.google.firebase:firebase-installations:17.0.2] AndroidManifest.xml:19:17-127
167                android:value="com.google.firebase.components.ComponentRegistrar" />
167-->[com.google.firebase:firebase-installations:17.0.2] AndroidManifest.xml:20:17-82
168            <meta-data
168-->[com.google.firebase:firebase-datatransport:18.1.6] AndroidManifest.xml:28:13-30:85
169                android:name="com.google.firebase.components:com.google.firebase.datatransport.TransportRegistrar"
169-->[com.google.firebase:firebase-datatransport:18.1.6] AndroidManifest.xml:29:17-115
170                android:value="com.google.firebase.components.ComponentRegistrar" />
170-->[com.google.firebase:firebase-datatransport:18.1.6] AndroidManifest.xml:30:17-82
171        </service>
172
173        <activity
173-->[com.google.android.gms:play-services-base:18.0.1] AndroidManifest.xml:20:9-22:45
174            android:name="com.google.android.gms.common.api.GoogleApiActivity"
174-->[com.google.android.gms:play-services-base:18.0.1] AndroidManifest.xml:20:19-85
175            android:exported="false"
175-->[com.google.android.gms:play-services-base:18.0.1] AndroidManifest.xml:22:19-43
176            android:theme="@android:style/Theme.Translucent.NoTitleBar" />
176-->[com.google.android.gms:play-services-base:18.0.1] AndroidManifest.xml:21:19-78
177
178        <provider
178-->[com.google.firebase:firebase-common:20.1.2] AndroidManifest.xml:26:9-31:39
179            android:name="com.google.firebase.provider.FirebaseInitProvider"
179-->[com.google.firebase:firebase-common:20.1.2] AndroidManifest.xml:27:13-77
180            android:authorities="org.forgerock.pebblebank.firebaseinitprovider"
180-->[com.google.firebase:firebase-common:20.1.2] AndroidManifest.xml:28:13-72
181            android:directBootAware="true"
181-->[com.google.firebase:firebase-common:20.1.2] AndroidManifest.xml:29:13-43
182            android:exported="false"
182-->[com.google.firebase:firebase-common:20.1.2] AndroidManifest.xml:30:13-37
183            android:initOrder="100" />
183-->[com.google.firebase:firebase-common:20.1.2] AndroidManifest.xml:31:13-36
184
185        <meta-data
185-->[com.google.android.gms:play-services-basement:18.1.0] AndroidManifest.xml:21:9-23:69
186            android:name="com.google.android.gms.version"
186-->[com.google.android.gms:play-services-basement:18.1.0] AndroidManifest.xml:22:13-58
187            android:value="@integer/google_play_services_version" />
187-->[com.google.android.gms:play-services-basement:18.1.0] AndroidManifest.xml:23:13-66
188
189        <provider
189-->[androidx.emoji2:emoji2:1.3.0] AndroidManifest.xml:24:9-32:20
190            android:name="androidx.startup.InitializationProvider"
190-->[androidx.emoji2:emoji2:1.3.0] AndroidManifest.xml:25:13-67
191            android:authorities="org.forgerock.pebblebank.androidx-startup"
191-->[androidx.emoji2:emoji2:1.3.0] AndroidManifest.xml:26:13-68
192            android:exported="false" >
192-->[androidx.emoji2:emoji2:1.3.0] AndroidManifest.xml:27:13-37
193            <meta-data
193-->[androidx.emoji2:emoji2:1.3.0] AndroidManifest.xml:29:13-31:52
194                android:name="androidx.emoji2.text.EmojiCompatInitializer"
194-->[androidx.emoji2:emoji2:1.3.0] AndroidManifest.xml:30:17-75
195                android:value="androidx.startup" />
195-->[androidx.emoji2:emoji2:1.3.0] AndroidManifest.xml:31:17-49
196            <meta-data
196-->[androidx.lifecycle:lifecycle-process:2.6.2] AndroidManifest.xml:29:13-31:52
197                android:name="androidx.lifecycle.ProcessLifecycleInitializer"
197-->[androidx.lifecycle:lifecycle-process:2.6.2] AndroidManifest.xml:30:17-78
198                android:value="androidx.startup" />
198-->[androidx.lifecycle:lifecycle-process:2.6.2] AndroidManifest.xml:31:17-49
199            <meta-data
199-->[androidx.profileinstaller:profileinstaller:1.3.1] AndroidManifest.xml:29:13-31:52
200                android:name="androidx.profileinstaller.ProfileInstallerInitializer"
200-->[androidx.profileinstaller:profileinstaller:1.3.1] AndroidManifest.xml:30:17-85
201                android:value="androidx.startup" />
201-->[androidx.profileinstaller:profileinstaller:1.3.1] AndroidManifest.xml:31:17-49
202        </provider>
203
204        <uses-library
204-->[androidx.window:window:1.0.0] AndroidManifest.xml:25:9-27:40
205            android:name="androidx.window.extensions"
205-->[androidx.window:window:1.0.0] AndroidManifest.xml:26:13-54
206            android:required="false" />
206-->[androidx.window:window:1.0.0] AndroidManifest.xml:27:13-37
207        <uses-library
207-->[androidx.window:window:1.0.0] AndroidManifest.xml:28:9-30:40
208            android:name="androidx.window.sidecar"
208-->[androidx.window:window:1.0.0] AndroidManifest.xml:29:13-51
209            android:required="false" />
209-->[androidx.window:window:1.0.0] AndroidManifest.xml:30:13-37
210
211        <service
211-->[com.google.android.datatransport:transport-backend-cct:3.1.7] AndroidManifest.xml:29:9-35:19
212            android:name="com.google.android.datatransport.runtime.backends.TransportBackendDiscovery"
212-->[com.google.android.datatransport:transport-backend-cct:3.1.7] AndroidManifest.xml:30:13-103
213            android:exported="false" >
213-->[com.google.android.datatransport:transport-backend-cct:3.1.7] AndroidManifest.xml:31:13-37
214            <meta-data
214-->[com.google.android.datatransport:transport-backend-cct:3.1.7] AndroidManifest.xml:32:13-34:39
215                android:name="backend:com.google.android.datatransport.cct.CctBackendFactory"
215-->[com.google.android.datatransport:transport-backend-cct:3.1.7] AndroidManifest.xml:33:17-94
216                android:value="cct" />
216-->[com.google.android.datatransport:transport-backend-cct:3.1.7] AndroidManifest.xml:34:17-36
217        </service>
218        <service
218-->[com.google.android.datatransport:transport-runtime:3.1.7] AndroidManifest.xml:26:9-30:19
219            android:name="com.google.android.datatransport.runtime.scheduling.jobscheduling.JobInfoSchedulerService"
219-->[com.google.android.datatransport:transport-runtime:3.1.7] AndroidManifest.xml:27:13-117
220            android:exported="false"
220-->[com.google.android.datatransport:transport-runtime:3.1.7] AndroidManifest.xml:28:13-37
221            android:permission="android.permission.BIND_JOB_SERVICE" >
221-->[com.google.android.datatransport:transport-runtime:3.1.7] AndroidManifest.xml:29:13-69
222        </service>
223
224        <receiver
224-->[com.google.android.datatransport:transport-runtime:3.1.7] AndroidManifest.xml:32:9-34:40
225            android:name="com.google.android.datatransport.runtime.scheduling.jobscheduling.AlarmManagerSchedulerBroadcastReceiver"
225-->[com.google.android.datatransport:transport-runtime:3.1.7] AndroidManifest.xml:33:13-132
226            android:exported="false" />
226-->[com.google.android.datatransport:transport-runtime:3.1.7] AndroidManifest.xml:34:13-37
227        <receiver
227-->[androidx.profileinstaller:profileinstaller:1.3.1] AndroidManifest.xml:34:9-52:20
228            android:name="androidx.profileinstaller.ProfileInstallReceiver"
228-->[androidx.profileinstaller:profileinstaller:1.3.1] AndroidManifest.xml:35:13-76
229            android:directBootAware="false"
229-->[androidx.profileinstaller:profileinstaller:1.3.1] AndroidManifest.xml:36:13-44
230            android:enabled="true"
230-->[androidx.profileinstaller:profileinstaller:1.3.1] AndroidManifest.xml:37:13-35
231            android:exported="true"
231-->[androidx.profileinstaller:profileinstaller:1.3.1] AndroidManifest.xml:38:13-36
232            android:permission="android.permission.DUMP" >
232-->[androidx.profileinstaller:profileinstaller:1.3.1] AndroidManifest.xml:39:13-57
233            <intent-filter>
233-->[androidx.profileinstaller:profileinstaller:1.3.1] AndroidManifest.xml:40:13-42:29
234                <action android:name="androidx.profileinstaller.action.INSTALL_PROFILE" />
234-->[androidx.profileinstaller:profileinstaller:1.3.1] AndroidManifest.xml:41:17-91
234-->[androidx.profileinstaller:profileinstaller:1.3.1] AndroidManifest.xml:41:25-88
235            </intent-filter>
236            <intent-filter>
236-->[androidx.profileinstaller:profileinstaller:1.3.1] AndroidManifest.xml:43:13-45:29
237                <action android:name="androidx.profileinstaller.action.SKIP_FILE" />
237-->[androidx.profileinstaller:profileinstaller:1.3.1] AndroidManifest.xml:44:17-85
237-->[androidx.profileinstaller:profileinstaller:1.3.1] AndroidManifest.xml:44:25-82
238            </intent-filter>
239            <intent-filter>
239-->[androidx.profileinstaller:profileinstaller:1.3.1] AndroidManifest.xml:46:13-48:29
240                <action android:name="androidx.profileinstaller.action.SAVE_PROFILE" />
240-->[androidx.profileinstaller:profileinstaller:1.3.1] AndroidManifest.xml:47:17-88
240-->[androidx.profileinstaller:profileinstaller:1.3.1] AndroidManifest.xml:47:25-85
241            </intent-filter>
242            <intent-filter>
242-->[androidx.profileinstaller:profileinstaller:1.3.1] AndroidManifest.xml:49:13-51:29
243                <action android:name="androidx.profileinstaller.action.BENCHMARK_OPERATION" />
243-->[androidx.profileinstaller:profileinstaller:1.3.1] AndroidManifest.xml:50:17-95
243-->[androidx.profileinstaller:profileinstaller:1.3.1] AndroidManifest.xml:50:25-92
244            </intent-filter>
245        </receiver>
246
247        <provider
247-->[com.pingidentity.signals:android-sdk:5.1.2] AndroidManifest.xml:11:9-15:40
248            android:name="com.pingidentity.signalssdk.sdk.PingOneSignalsContentProvider"
248-->[com.pingidentity.signals:android-sdk:5.1.2] AndroidManifest.xml:12:13-89
249            android:authorities="org.forgerock.pebblebank.POSContentProvider"
249-->[com.pingidentity.signals:android-sdk:5.1.2] AndroidManifest.xml:13:13-70
250            android:enabled="true"
250-->[com.pingidentity.signals:android-sdk:5.1.2] AndroidManifest.xml:14:13-35
251            android:exported="false" />
251-->[com.pingidentity.signals:android-sdk:5.1.2] AndroidManifest.xml:15:13-37
252    </application>
253
254</manifest>